2019-12-19 14:09:13,001 INFO  [Log] Step 1. Log in 
2019-12-19 14:09:13,003 INFO  [Log] Fill username textbox 
2019-12-19 14:09:13,032 INFO  [Log] Post-Condition 
2019-12-20 09:55:11,662 INFO  [Log] Step 2. Login with valid account 
2019-12-20 09:55:12,472 INFO  [Log] Step 3. Go to Article page  
2019-12-20 09:55:13,106 INFO  [Log] Step 4. Click on 'New' icon of the top right toolbar 
2019-12-20 09:55:14,039 INFO  [Log] Step 5. Fill "Add new article" form  
2019-12-20 09:55:15,577 INFO  [Log] Step 6. Verify the article is saved successfully  
2019-12-20 09:55:15,619 INFO  [Log] Step 7. Check on the recently added article's checkbox 
2019-12-20 09:55:15,692 INFO  [Log] Step 8. Click on 'Publish' icon of the top right toolbar 
2019-12-20 09:55:16,306 INFO  [Log] Step 9. Verify the article is published successfully 
2019-12-20 10:16:32,841 INFO  [Log] Step 2. Login with valid account 
2019-12-20 10:16:33,706 INFO  [Log] Step 3. Go to Article page  
2019-12-20 10:16:34,505 INFO  [Log] Step 4. Click on 'New' icon of the top right toolbar 
2019-12-20 10:16:35,846 INFO  [Log] Step 5. Fill "Add new article" form  
2019-12-20 10:16:37,244 INFO  [Log] Step 6. Verify the article is saved successfully  
2019-12-20 10:16:37,276 INFO  [Log] Step 7. Close the browser window  
2019-12-20 10:22:46,665 INFO  [Log] Step 2. Login with valid account 
2019-12-20 10:22:47,544 INFO  [Log] Step 3. Go to Article page  
2019-12-20 10:22:48,163 INFO  [Log] Step 4. Click on 'New' icon of the top right toolbar 
2019-12-20 10:22:49,924 INFO  [Log] Step 5. Fill "Add new article" form  
2019-12-20 10:22:51,301 INFO  [Log] Step 6. Verify the article is saved successfully  
2019-12-20 10:22:51,340 INFO  [Log] Step 7. Close the browser window  
2019-12-20 10:22:51,421 INFO  [Log] Step 8. Navigate to Website 
2019-12-20 10:22:51,421 INFO  [Log] Step 9. Login with valid account 
2019-12-20 10:27:00,121 INFO  [Log] Step 2. Login with valid account 
2019-12-20 10:27:00,913 INFO  [Log] Step 3. Go to Article page  
2019-12-20 10:27:01,593 INFO  [Log] Step 4. Click on 'New' icon of the top right toolbar 
2019-12-20 10:27:03,107 INFO  [Log] Step 5. Fill "Add new article" form  
2019-12-20 10:27:04,618 INFO  [Log] Step 6. Verify the article is saved successfully  
2019-12-20 10:27:04,658 INFO  [Log] Step 7. Close the browser window  
2019-12-20 10:27:04,733 INFO  [Log] Step 8. Navigate to Website 
2019-12-20 10:29:59,863 INFO  [Log] Step 2. Login with valid account 
2019-12-20 10:30:00,735 INFO  [Log] Step 3. Go to Article page  
2019-12-20 10:30:01,422 INFO  [Log] Step 4. Click on 'New' icon of the top right toolbar 
2019-12-20 10:30:02,886 INFO  [Log] Step 5. Fill "Add new article" form  
2019-12-20 10:30:04,378 INFO  [Log] Step 6. Verify the article is saved successfully  
2019-12-20 10:30:04,415 INFO  [Log] Step 7. Close the browser window  
2019-12-20 10:30:04,481 INFO  [Log] Step 8. Navigate to Website 
2019-12-20 10:31:50,903 INFO  [Log] Step 2. Login with valid account 
2019-12-20 10:31:51,752 INFO  [Log] Step 3. Go to Article page  
2019-12-20 10:31:52,538 INFO  [Log] Step 4. Click on 'New' icon of the top right toolbar 
2019-12-20 10:31:54,156 INFO  [Log] Step 5. Fill "Add new article" form  
2019-12-20 10:31:55,719 INFO  [Log] Step 6. Verify the article is saved successfully  
2019-12-20 10:32:38,270 INFO  [Log] Step 2. Login with valid account 
2019-12-20 10:32:39,120 INFO  [Log] Step 3. Go to Article page  
2019-12-20 10:32:39,848 INFO  [Log] Step 4. Click on 'New' icon of the top right toolbar 
2019-12-20 10:32:41,384 INFO  [Log] Step 5. Fill "Add new article" form  
2019-12-20 10:32:42,841 INFO  [Log] Step 6. Verify the article is saved successfully  
2019-12-20 10:32:42,877 INFO  [Log] Step 7. Close the browser window  
2019-12-20 10:32:42,938 INFO  [Log] Step 8. Navigate to Website 
2019-12-20 10:32:42,939 INFO  [Log] Step 9. Login with valid account 
2019-12-20 10:34:06,677 INFO  [Log] Step 2. Login with valid account 
2019-12-20 10:34:07,534 INFO  [Log] Step 3. Go to Article page  
2019-12-20 10:34:08,546 INFO  [Log] Step 4. Click on 'New' icon of the top right toolbar 
2019-12-20 10:34:10,513 INFO  [Log] Step 5. Fill "Add new article" form  
2019-12-20 10:34:12,233 INFO  [Log] Step 6. Verify the article is saved successfully  
2019-12-20 10:34:12,266 INFO  [Log] Step 7. Close the browser window  
2019-12-20 10:34:12,325 INFO  [Log] Step 8. Navigate to Website 
2019-12-20 10:57:58,939 INFO  [Log] Step 2. Login with valid account 
2019-12-20 10:57:59,856 INFO  [Log] Step 3. Go to Article page  
2019-12-20 10:58:00,600 INFO  [Log] Step 4. Click on 'New' icon of the top right toolbar 
2019-12-20 10:58:02,158 INFO  [Log] Step 5. Fill "Add new article" form  
2019-12-20 10:58:03,692 INFO  [Log] Step 6. Verify the article is saved successfully  
2019-12-20 10:58:03,729 INFO  [Log] Step 7. Check on the recently added article's checkbox 
2019-12-20 10:58:03,802 INFO  [Log] Step 8. Click on 'Check In' icon of the top right toolbar 
2019-12-20 11:00:48,704 INFO  [Log] Step 2. Login with valid account 
2019-12-20 11:00:49,579 INFO  [Log] Step 3. Go to Article page  
2019-12-20 11:00:50,281 INFO  [Log] Step 4. Click on 'New' icon of the top right toolbar 
2019-12-20 11:00:51,184 INFO  [Log] Step 5. Fill "Add new article" form  
2019-12-20 11:00:52,669 INFO  [Log] Step 6. Verify the article is saved successfully  
2019-12-20 11:00:52,706 INFO  [Log] Step 7. Check on the recently added article's checkbox 
2019-12-20 11:00:52,779 INFO  [Log] Step 8. Click on 'Check In' icon of the top right toolbar 
2019-12-20 11:21:24,513 INFO  [Log] Step 2. Login with valid account 
2019-12-20 11:21:25,359 INFO  [Log] Step 3. Go to Article page  
2019-12-20 11:21:26,072 INFO  [Log] Step 4. Click on 'New' icon of the top right toolbar 
2019-12-20 11:21:27,054 INFO  [Log] Step 5. Fill "Add new article" form  
2019-12-20 11:21:28,636 INFO  [Log] Step 6. Verify the article is saved successfully  
2019-12-20 11:21:28,671 INFO  [Log] Step 7. Check on the recently added article's checkbox 
2019-12-20 11:21:28,744 INFO  [Log] Step 8. Click on 'Check In' icon of the top right toolbar 
2019-12-20 11:21:29,324 INFO  [Log] Verify the article is checked in successfully 
2019-12-20 11:24:49,449 INFO  [Log] Step 2. Login with valid account 
2019-12-20 11:24:50,309 INFO  [Log] Step 3. Go to Article page  
2019-12-20 11:24:50,981 INFO  [Log] Step 4. Click on 'New' icon of the top right toolbar 
2019-12-20 11:24:51,857 INFO  [Log] Step 5. Fill "Add new article" form  
2019-12-20 11:24:53,394 INFO  [Log] Step 6. Verify the article is saved successfully  
2019-12-20 11:24:53,434 INFO  [Log] Step 7. Check on the recently added article's checkbox 
2019-12-20 11:24:53,504 INFO  [Log] Step 8. Click on 'Check In' icon of the top right toolbar 
2019-12-20 11:24:53,974 INFO  [Log] Verify the article is checked in successfully 
2019-12-20 11:32:27,309 INFO  [Log] Step 2. Login with valid account 
2019-12-20 11:32:28,138 INFO  [Log] Step 3. Go to Article page  
2019-12-20 11:32:28,863 INFO  [Log] Step 4. Click on 'New' icon of the top right toolbar 
2019-12-20 11:32:30,107 INFO  [Log] Step 5. Fill "Add new article" form  
2019-12-20 11:32:31,559 INFO  [Log] Step 6. Verify the article is saved successfully  
2019-12-20 11:32:31,597 INFO  [Log] Step 7. Check on the recently added article's checkbox 
2019-12-20 11:32:31,673 INFO  [Log] Step 8. Click on 'Check In' icon of the top right toolbar 
2019-12-20 11:32:32,122 INFO  [Log] Verify the article is checked in successfully 
2019-12-20 12:21:41,109 INFO  [Log] Step 2. Login with valid account 
2019-12-20 12:21:41,988 INFO  [Log] Step 3. Go to Article page  
2019-12-20 12:21:42,700 INFO  [Log] Step 4. Click on 'New' icon of the top right toolbar 
2019-12-20 12:21:45,528 INFO  [Log] Step 5. Fill "Add new article" form  
2019-12-20 12:21:47,055 INFO  [Log] Step 6. Verify the article is saved successfully  
2019-12-20 12:21:47,089 INFO  [Log] Step 7. Check on the recently added article's checkbox 
2019-12-20 12:21:47,161 INFO  [Log] Step 8. Click on 'Check In' icon of the top right toolbar 
2019-12-20 12:21:47,604 INFO  [Log] Verify the article is checked in successfully 
2019-12-20 12:23:24,270 INFO  [Log] Step 2. Login with valid account 
2019-12-20 12:23:25,276 INFO  [Log] Step 3. Go to Article page  
2019-12-20 12:23:26,155 INFO  [Log] Step 4. Click on 'New' icon of the top right toolbar 
2019-12-20 12:23:27,616 INFO  [Log] Step 5. Fill "Add new article" form  
2019-12-20 12:23:29,112 INFO  [Log] Step 6. Verify the article is saved successfully  
2019-12-20 12:23:29,148 INFO  [Log] Step 7. Check on the recently added article's checkbox 
2019-12-20 12:23:29,224 INFO  [Log] Step 8. Click on 'Check In' icon of the top right toolbar 
2019-12-20 12:23:29,697 INFO  [Log] Step 9. Verify the article is checked in successfully 
2019-12-20 15:54:26,532 INFO  [Log] Step 1. Log in 
2019-12-20 15:55:04,916 INFO  [Log] Step 1. Log in 
2019-12-20 15:55:47,240 INFO  [Log] Step 1. Log in 
2019-12-20 15:56:37,271 INFO  [Log] Step 1. Log in 
2019-12-20 15:56:38,132 INFO  [Log] User can log in with valid account 
2019-12-20 15:56:38,132 INFO  [Log] Step 2. Go to Article page 
2019-12-20 15:56:39,235 INFO  [Log] Step 3. Click on 'Help' icon of the top right toolbar 
2019-12-20 15:56:39,359 INFO  [Log] Step 4. Verify the article's help window is displayed 
2019-12-20 16:03:40,556 INFO  [Log] Step 1. Log in 
2019-12-20 16:03:41,489 INFO  [Log] User can log in with valid account 
2019-12-20 16:03:41,490 INFO  [Log] Step 2. Go to Article page 
2019-12-20 16:03:42,609 INFO  [Log] Step 3. Click on 'Help' icon of the top right toolbar 
2019-12-20 16:03:42,741 INFO  [Log] Step 4. Verify the article's help window is displayed 
2019-12-20 16:17:56,512 INFO  [Log] Step 1. Log in 
2019-12-20 16:17:57,389 INFO  [Log] User can log in with valid account 
2019-12-20 16:17:57,390 INFO  [Log] Step 2. Go to Article page 
2019-12-20 16:17:58,143 INFO  [Log] Step 3. Click on 'Help' icon of the top right toolbar 
2019-12-20 16:17:58,262 INFO  [Log] Step 4. Verify the article's help window is displayed 
2019-12-20 16:35:05,259 INFO  [Log] Step 1. Log in 
2019-12-20 16:35:06,119 INFO  [Log] User can log in with valid account 
2019-12-20 16:35:06,120 INFO  [Log] Step 2. Go to Article page 
2019-12-20 16:35:06,801 INFO  [Log] Step 3. Click on 'Help' icon of the top right toolbar 
2019-12-20 16:35:06,929 INFO  [Log] Step 4. Verify the article's help window is displayed 
2019-12-20 16:37:25,954 INFO  [Log] Step 1. Log in 
2019-12-20 16:37:26,842 INFO  [Log] User can log in with valid account 
2019-12-20 16:37:26,842 INFO  [Log] Step 2. Go to Article page 
2019-12-20 16:37:27,501 INFO  [Log] Step 3. Click on 'Help' icon of the top right toolbar 
2019-12-20 16:37:27,623 INFO  [Log] Step 4. Verify the article's help window is displayed 
2019-12-20 16:40:59,118 INFO  [Log] Step 1. Log in 
2019-12-20 16:40:59,967 INFO  [Log] User can log in with valid account 
2019-12-20 16:40:59,967 INFO  [Log] Step 2. Go to Article page 
2019-12-20 16:41:00,836 INFO  [Log] Step 3. Click on 'Help' icon of the top right toolbar 
2019-12-20 16:41:00,965 INFO  [Log] Step 4. Verify the article's help window is displayed 
2019-12-20 16:42:46,898 INFO  [Log] Step 1. Log in 
2019-12-20 16:42:47,774 INFO  [Log] User can log in with valid account 
2019-12-20 16:42:47,775 INFO  [Log] Step 2. Go to Article page 
2019-12-20 16:42:48,462 INFO  [Log] Step 3. Click on 'Help' icon of the top right toolbar 
2019-12-20 16:42:48,584 INFO  [Log] Step 4. Verify the article's help window is displayed 
2019-12-20 17:01:01,040 INFO  [Log] Step 1. Log in 
2019-12-20 17:01:01,855 INFO  [Log] User can log in with valid account 
2019-12-20 17:01:01,856 INFO  [Log] Step 2. Go to Article page 
2019-12-20 17:01:02,547 INFO  [Log] Step 3. Click on 'Help' icon of the top right toolbar 
2019-12-20 17:01:02,670 INFO  [Log] Step 4. Verify the article's help window is displayed 
2019-12-23 09:24:35,486 INFO  [Log] Step 1. Login with valid account 
2019-12-23 09:24:36,285 INFO  [Log] Step 2. Go to Contacts page 
2019-12-23 09:24:37,650 INFO  [Log] Step 3. Click on 'New' icon of the top right toolbar  
2019-12-23 09:24:40,142 INFO  [Log] Step 4. Fill information into Name, Category, Status field 
2019-12-23 09:24:40,759 INFO  [Log] VP. Verify the contact is saved successfully 
2019-12-23 09:27:14,441 INFO  [Log] Step 1. Login with valid account 
2019-12-23 09:27:15,257 INFO  [Log] Step 2. Go to Contacts page 
2019-12-23 09:27:16,114 INFO  [Log] Step 3. Click on 'New' icon of the top right toolbar  
2019-12-23 09:27:17,012 INFO  [Log] Step 4. Fill information into Name, Category, Status field 
2019-12-23 09:27:18,090 INFO  [Log] VP. Verify the contact is saved successfully 
2019-12-23 09:27:18,162 INFO  [Log] Step 5. Check on the recently added contact's checkbox 
2019-12-23 09:28:05,444 INFO  [Log] Step 1. Login with valid account 
2019-12-23 09:28:06,249 INFO  [Log] Step 2. Go to Contacts page 
2019-12-23 09:28:06,892 INFO  [Log] Step 3. Click on 'New' icon of the top right toolbar  
2019-12-23 09:28:07,829 INFO  [Log] Step 4. Fill information into Name, Category, Status field 
2019-12-23 09:28:08,929 INFO  [Log] VP. Verify the contact is saved successfully 
2019-12-23 09:28:08,964 INFO  [Log] Step 5. Check on the recently added contact's checkbox 
2019-12-23 09:28:09,038 INFO  [Log] Step 6. Click on 'Archived' icon of the top right toolbar 
2019-12-23 09:28:09,625 INFO  [Log] Step 7. Verify that the confirm message displays after archiving article 
2019-12-23 09:29:05,752 INFO  [Log] Step 1. Login with valid account 
2019-12-23 09:29:06,652 INFO  [Log] Step 2. Go to Contacts page 
2019-12-23 09:29:07,291 INFO  [Log] Step 3. Click on 'New' icon of the top right toolbar  
2019-12-23 09:29:08,172 INFO  [Log] Step 4. Fill information into Name, Category, Status field 
2019-12-23 09:29:09,168 INFO  [Log] VP. Verify the contact is saved successfully 
2019-12-23 09:29:09,202 INFO  [Log] Step 5. Check on the recently added contact's checkbox 
2019-12-23 09:29:09,283 INFO  [Log] Step 6. Click on 'Archived' icon of the top right toolbar 
2019-12-23 09:29:09,926 INFO  [Log] Step 7. Verify that the confirm message displays after archiving article 
2019-12-23 09:31:44,437 INFO  [Log] Step 1. Login with valid account 
2019-12-23 09:31:45,285 INFO  [Log] Step 2. Go to Contacts page 
2019-12-23 09:31:46,027 INFO  [Log] Step 3. Click on 'New' icon of the top right toolbar  
2019-12-23 09:31:47,099 INFO  [Log] Step 4. Fill information into Name, Category, Status field 
2019-12-23 09:31:48,126 INFO  [Log] VP. Verify the contact is saved successfully 
2019-12-23 09:31:48,162 INFO  [Log] Step 5. Check on the recently added contact's checkbox 
2019-12-23 09:31:48,235 INFO  [Log] Step 6. Click on 'Archived' icon of the top right toolbar 
2019-12-23 09:31:48,787 INFO  [Log] Step 7. Verify that the confirm message displays after archiving article 
2019-12-23 09:31:48,804 INFO  [Log] Step 8. Search archived contact by DropDown list 
2019-12-23 09:31:49,795 INFO  [Log] Step 9. Verify that archived contact displays in archived table 
2019-12-23 13:54:46,866 INFO  [Log] Step 1. Log in 
2019-12-23 13:54:49,038 INFO  [Log] User can log in with valid account 
2019-12-23 13:54:49,038 INFO  [Log] Step 2. Go to Article page 
2019-12-23 13:54:51,144 INFO  [Log] Step 3. Click New button 
2019-12-23 13:54:53,120 INFO  [Log] Step 4. Fill information in new article page 
2019-12-23 13:54:57,931 INFO  [Log] Step 5. Verify the article is saved successfully  
2019-12-23 13:54:58,083 INFO  [Log] Step 6. Select article to edit 
2019-12-23 13:54:58,669 INFO  [Log] Step 7. Click on 'Edit' icon of the top right toolbar 
2019-12-23 13:55:00,579 INFO  [Log] Step 8. Edit article 
2019-12-23 13:55:05,749 INFO  [Log] Step 9. Verify the article is edited successfully  
2019-12-23 16:05:55,877 INFO  [Log] Step 1. Log in 
2019-12-23 16:05:57,898 INFO  [Log] User can log in with valid account 
2019-12-23 16:05:57,899 INFO  [Log] Step 2. Go to Article page 
2019-12-23 16:05:59,872 INFO  [Log] Step 3. Click New button 
2019-12-23 16:06:01,675 INFO  [Log] Step 4. Fill information in new article page 
2019-12-23 16:06:06,297 INFO  [Log] Step 5. Verify the article is saved successfully  
2019-12-23 16:06:06,465 INFO  [Log] Step 6. Select article to edit 
2019-12-23 16:06:07,078 INFO  [Log] Step 7. Click on 'Edit' icon of the top right toolbar 
2019-12-23 16:06:09,236 INFO  [Log] Step 8. Edit article 
2019-12-23 16:06:14,364 INFO  [Log] Step 9. Verify the article is edited successfully  
2019-12-23 16:06:32,777 INFO  [Log] Step 1. Log in 
2019-12-23 16:06:34,850 INFO  [Log] User can log in with valid account 
2019-12-23 16:06:34,851 INFO  [Log] Step 2. Go to Article page 
2019-12-23 16:06:36,948 INFO  [Log] Step 3. Click New button 
2019-12-23 16:06:38,727 INFO  [Log] Step 4. Fill information in new article page 
2019-12-23 16:06:43,238 INFO  [Log] Step 5. Verify the article is saved successfully  
2019-12-23 16:06:43,391 INFO  [Log] Step 6. Select article to archive 
2019-12-23 16:06:44,043 INFO  [Log] Step 7. Click on 'Archive' icon of the top right toolbar 
2019-12-23 16:06:45,633 INFO  [Log] Step 8. Verify that the confirm message displays after archiving article 
2019-12-23 16:06:45,710 INFO  [Log] Step 9. Search archived article by DropDown list 
2019-12-23 16:06:49,943 INFO  [Log] Step 10. Verify that archived article displays in archived table 
2019-12-23 16:07:12,435 INFO  [Log] Step 1. Log in 
2019-12-23 16:07:14,545 INFO  [Log] User can log in with valid account 
2019-12-23 16:07:14,546 INFO  [Log] Step 2. Go to Article page 
2019-12-23 16:07:16,568 INFO  [Log] Step 3. Click on 'Help' icon of the top right toolbar 
2019-12-23 16:07:18,519 INFO  [Log] Step 4. Verify the article's help window is displayed 
2019-12-23 16:07:53,938 INFO  [Log] Step 1. Login with valid account 
2019-12-23 16:07:55,983 INFO  [Log] Step 2. Go to Contacts page 
2019-12-23 16:07:57,908 INFO  [Log] Step 3. Click on 'New' icon of the top right toolbar  
2019-12-23 16:07:59,672 INFO  [Log] Step 4. Fill information into Name, Category, Status field 
2019-12-23 16:08:05,655 INFO  [Log] VP. Verify the contact is saved successfully 
2019-12-23 16:08:38,709 INFO  [Log] Step 1. Login with valid account 
2019-12-23 16:08:40,718 INFO  [Log] Step 2. Go to Contacts page 
2019-12-23 16:08:42,574 INFO  [Log] Step 3. Click on 'New' icon of the top right toolbar  
2019-12-23 16:08:44,319 INFO  [Log] Step 4. Fill information into Name, Category, Status field 
2019-12-23 16:08:49,611 INFO  [Log] VP. Verify the contact is saved successfully 
2019-12-23 16:08:49,775 INFO  [Log] Step 5. Check on the recently added contact's checkbox 
2019-12-23 16:08:50,376 INFO  [Log] Step 6. Click on 'Archived' icon of the top right toolbar 
2019-12-23 16:08:51,950 INFO  [Log] Step 7. Verify that the confirm message displays after archiving article 
2019-12-23 16:08:52,019 INFO  [Log] Step 8. Search archived contact by DropDown list 
2019-12-23 16:08:55,631 INFO  [Log] Step 9. Verify that archived contact displays in archived table 
2019-12-23 16:10:04,776 INFO  [Log] Step 1. Login with valid account 
2019-12-23 16:10:06,792 INFO  [Log] Step 2. Go to Article page  
2019-12-23 16:10:08,861 INFO  [Log] Step 3. Click on 'New' icon of the top right toolbar 
2019-12-23 16:10:10,606 INFO  [Log] Step 4. Fill "Add new article" form  
2019-12-23 16:10:16,933 INFO  [Log] VP. Verify the article is saved successfully  
2019-12-23 16:10:17,086 INFO  [Log] Step 5. Check on the recently added article's checkbox 
2019-12-23 16:10:17,694 INFO  [Log] Step 6. Click on 'Trash' icon of the top right toolbar 
2019-12-23 16:10:19,437 INFO  [Log] VP. Verify the confirm message is displayed 
2019-12-23 16:10:19,506 INFO  [Log] Step 7. Select 'Trash' item of 'Status' dropdown list 
2019-12-23 16:10:23,849 INFO  [Log] VP. Verify the deleted article is displayed on the table grid 
2019-12-24 09:13:32,579 INFO  [Log] Step 1. Login with valid account 
2019-12-24 09:13:34,930 INFO  [Log] Step 2. Go to Contacts page 
2019-12-24 09:13:37,037 INFO  [Log] Step 3. Click on 'New' icon of the top right toolbar  
2019-12-24 09:13:39,593 INFO  [Log] Step 4. Fill information into Name, Category, Status field 
2019-12-24 09:13:45,128 INFO  [Log] VP. Verify the contact is saved successfully 
2019-12-24 09:13:45,312 INFO  [Log] Step 5. Check on the recently added contact's checkbox 
2019-12-24 09:13:45,974 INFO  [Log] Step 6. Click on 'Archived' icon of the top right toolbar 
2019-12-24 09:13:47,473 INFO  [Log] Step 7. Verify that the confirm message displays after archiving article 
2019-12-24 09:13:47,543 INFO  [Log] Step 8. Search archived contact by DropDown list 
2019-12-24 09:13:51,416 INFO  [Log] Step 9. Verify that archived contact displays in archived table 
2019-12-24 09:16:58,570 INFO  [Log] Step 1. Login with valid account 
2019-12-24 09:16:59,527 INFO  [Log] Step 2. Go to Contacts page 
2019-12-24 09:17:00,358 INFO  [Log] Step 3. Click Help button on the toolbar 
2019-12-24 09:17:00,502 INFO  [Log] Step 4. Verify the article's help window is displayed 
2019-12-24 09:17:42,676 INFO  [Log] Step 1. Login with valid account 
2019-12-24 09:17:44,700 INFO  [Log] Step 2. Go to Contacts page 
2019-12-24 09:17:46,521 INFO  [Log] Step 3. Click Help button on the toolbar 
2019-12-24 09:17:48,314 INFO  [Log] Step 4. Verify the article's help window is displayed 
2019-12-24 09:18:17,206 INFO  [Log] Step 1. Login with valid account 
2019-12-24 09:18:18,292 INFO  [Log] Step 2. Go to Contacts page 
2019-12-24 09:18:19,038 INFO  [Log] Step 3. Click Help button on the toolbar 
2019-12-24 09:18:19,396 INFO  [Log] Step 4. Verify the article's help window is displayed 
